<?xml version="1.0" encoding="UTF-8"?>
<!-- Generated by org.testng.reporters.JUnitXMLReporter -->
<testsuite ignored="2" hostname="LAPTOP-M19LQA3N" failures="0" tests="0" time="0.016" errors="0" timestamp="2024-11-29T19:52:50 IST">
  <testcase classname="abhiacademy.tests.ErrorValidationsTest" name="loginErrorValidation" time="0.0">
    <ignored/>
  </testcase> <!-- loginErrorValidation -->
  <testcase classname="abhiacademy.tests.ErrorValidationsTest" name="productOrderErrorVal" time="0.0">
    <ignored/>
  </testcase> <!-- productOrderErrorVal -->
</testsuite>
