<?xml version="1.0" encoding="UTF-8"?>
<!-- Generated by org.testng.reporters.JUnitXMLReporter -->
<testsuite ignored="0" hostname="LAPTOP-M19LQA3N" failures="0" tests="3" name="Error Validations Test" time="27.564" errors="0" timestamp="2024-12-05T14:13:49 IST">
  <testcase classname="abhiacademy.tests.ErrorValidationsTest" name="loginErrorValidation" time="1.504"/>
  <testcase classname="abhiacademy.tests.ErrorValidationsTest" name="loginErrorValidation" time="0.538"/>
  <testcase classname="abhiacademy.tests.ErrorValidationsTest" name="productOrderErrorVal" time="6.378"/>
</testsuite> <!-- Error Validations Test -->
