<?xml version="1.0" encoding="UTF-8"?>
<!-- Generated by org.testng.reporters.JUnitXMLReporter -->
<testsuite ignored="0" hostname="LAPTOP-M19LQA3N" failures="0" tests="2" name="Purchase Order Test" time="36.903" errors="0" timestamp="2024-12-21T17:58:42 IST">
  <testcase classname="abhiacademy.tests.PurchaseOrderTest" name="productOrderVal" time="12.115"/>
  <testcase classname="abhiacademy.tests.PurchaseOrderTest" name="productOrderVal" time="12.088"/>
</testsuite> <!-- Purchase Order Test -->
