<?xml version="1.0" encoding="UTF-8"?>
<!-- Generated by org.testng.reporters.JUnitXMLReporter -->
<testsuite ignored="0" hostname="LAPTOP-M19LQA3N" failures="0" tests="4" name="Submit Order Test" time="44.191" errors="0" timestamp="2024-12-05T14:14:06 IST">
  <testcase classname="abhiacademy.tests.SubmitOrderTest" name="submitOrder" time="8.309"/>
  <testcase classname="abhiacademy.tests.SubmitOrderTest" name="submitOrder" time="7.553"/>
  <testcase classname="abhiacademy.tests.SubmitOrderTest" name="validateOrder" time="1.222"/>
  <testcase classname="abhiacademy.tests.SubmitOrderTest" name="validateOrder" time="1.175"/>
</testsuite> <!-- Submit Order Test -->
