<?xml version="1.0" encoding="UTF-8"?>
<!-- Generated by org.testng.reporters.JUnitXMLReporter -->
<testsuite ignored="0" hostname="LAPTOP-M19LQA3N" failures="0" tests="4" name="Submit Order Test" time="46.676" errors="0" timestamp="2024-12-21T17:58:52 IST">
  <testcase classname="abhiacademy.tests.SubmitOrderTest" name="submitOrder" time="8.894"/>
  <testcase classname="abhiacademy.tests.SubmitOrderTest" name="submitOrder" time="13.329"/>
  <testcase classname="abhiacademy.tests.SubmitOrderTest" name="validateOrder" time="1.278"/>
  <testcase classname="abhiacademy.tests.SubmitOrderTest" name="validateOrder" time="1.447"/>
</testsuite> <!-- Submit Order Test -->
