<?xml version="1.0" encoding="UTF-8"?>
<testng-results ignored="0" total="6" passed="6" failed="0" skipped="0">
  <reporter-output>
  </reporter-output>
  <suite started-at="2024-12-21T17:58:05 IST" name="Suite" finished-at="2024-12-21T17:58:52 IST" duration-ms="46676">
    <groups>
      <group name="PurchaseOrder">
        <method signature="SubmitOrderTest.submitOrder(java.util.HashMap)[pri:0, instance:abhiacademy.tests.SubmitOrderTest@4d1bf319]" name="submitOrder" class="abhiacademy.tests.SubmitOrderTest"/>
        <method signature="SubmitOrderTest.validateOrder(java.util.HashMap)[pri:0, instance:abhiacademy.tests.SubmitOrderTest@4d1bf319]" name="validateOrder" class="abhiacademy.tests.SubmitOrderTest"/>
        <method signature="PurchaseOrderTest.productOrderVal(java.util.HashMap)[pri:0, instance:abhiacademy.tests.PurchaseOrderTest@6f36c2f0]" name="productOrderVal" class="abhiacademy.tests.PurchaseOrderTest"/>
      </group> <!-- PurchaseOrder -->
    </groups>
    <test started-at="2024-12-21T17:58:05 IST" name="Error Validations Test" finished-at="2024-12-21T17:58:05 IST" duration-ms="13">
    </test> <!-- Error Validations Test -->
    <test started-at="2024-12-21T17:58:05 IST" name="Purchase Order Test" finished-at="2024-12-21T17:58:42 IST" duration-ms="36903">
      <class name="abhiacademy.tests.PurchaseOrderTest">
        <test-method is-config="true" signature="launchApplication()[pri:0, instance:abhiacademy.tests.PurchaseOrderTest@6f36c2f0]" started-at="2024-12-21T17:58:05 IST" name="launchApplication" finished-at="2024-12-21T17:58:12 IST" duration-ms="6352" status="PASS">
          <reporter-output>
          </reporter-output>
        </test-method> <!-- launchApplication -->
        <test-method signature="productOrderVal(java.util.HashMap)[pri:0, instance:abhiacademy.tests.PurchaseOrderTest@6f36c2f0]" started-at="2024-12-21T17:58:12 IST" name="productOrderVal" data-provider="getPurOrderData" finished-at="2024-12-21T17:58:24 IST" duration-ms="12115" status="PASS">
          <params>
            <param index="0">
              <value>
                <![CDATA[{userName=nisha@hotmail.com, userPassword=Ni$ha789, productName=Zara Coat 3}]]>
              </value>
            </param>
          </params>
          <reporter-output>
          </reporter-output>
        </test-method> <!-- productOrderVal -->
        <test-method is-config="true" signature="tearDown()[pri:0, instance:abhiacademy.tests.PurchaseOrderTest@6f36c2f0]" started-at="2024-12-21T17:58:24 IST" name="tearDown" finished-at="2024-12-21T17:58:25 IST" duration-ms="1422" status="PASS">
          <reporter-output>
          </reporter-output>
        </test-method> <!-- tearDown -->
        <test-method is-config="true" signature="launchApplication()[pri:0, instance:abhiacademy.tests.PurchaseOrderTest@6f36c2f0]" started-at="2024-12-21T17:58:25 IST" name="launchApplication" finished-at="2024-12-21T17:58:28 IST" duration-ms="3205" status="PASS">
          <reporter-output>
          </reporter-output>
        </test-method> <!-- launchApplication -->
        <test-method signature="productOrderVal(java.util.HashMap)[pri:0, instance:abhiacademy.tests.PurchaseOrderTest@6f36c2f0]" started-at="2024-12-21T17:58:28 IST" name="productOrderVal" data-provider="getPurOrderData" finished-at="2024-12-21T17:58:41 IST" duration-ms="12088" status="PASS">
          <params>
            <param index="0">
              <value>
                <![CDATA[{userName=nisha@hotmail.com, userPassword=Ni$ha789, productName=ADIDAS ORIGINAL}]]>
              </value>
            </param>
          </params>
          <reporter-output>
          </reporter-output>
        </test-method> <!-- productOrderVal -->
        <test-method is-config="true" signature="tearDown()[pri:0, instance:abhiacademy.tests.PurchaseOrderTest@6f36c2f0]" started-at="2024-12-21T17:58:41 IST" name="tearDown" finished-at="2024-12-21T17:58:42 IST" duration-ms="1335" status="PASS">
          <reporter-output>
          </reporter-output>
        </test-method> <!-- tearDown -->
      </class> <!-- abhiacademy.tests.PurchaseOrderTest -->
    </test> <!-- Purchase Order Test -->
    <test started-at="2024-12-21T17:58:05 IST" name="Submit Order Test" finished-at="2024-12-21T17:58:52 IST" duration-ms="46676">
      <class name="abhiacademy.tests.SubmitOrderTest">
        <test-method is-config="true" signature="launchApplication()[pri:0, instance:abhiacademy.tests.SubmitOrderTest@4d1bf319]" started-at="2024-12-21T17:58:05 IST" name="launchApplication" finished-at="2024-12-21T17:58:12 IST" duration-ms="7091" status="PASS">
          <reporter-output>
          </reporter-output>
        </test-method> <!-- launchApplication -->
        <test-method signature="submitOrder(java.util.HashMap)[pri:0, instance:abhiacademy.tests.SubmitOrderTest@4d1bf319]" started-at="2024-12-21T17:58:12 IST" name="submitOrder" data-provider="getOrderData" finished-at="2024-12-21T17:58:21 IST" duration-ms="8894" status="PASS">
          <params>
            <param index="0">
              <value>
                <![CDATA[{iterationNum=0, userPassword=Abhiacademy$15, userName=abhikumar@outlook.com, productName=Zara Coat 3}]]>
              </value>
            </param>
          </params>
          <reporter-output>
          </reporter-output>
        </test-method> <!-- submitOrder -->
        <test-method is-config="true" signature="tearDown()[pri:0, instance:abhiacademy.tests.SubmitOrderTest@4d1bf319]" started-at="2024-12-21T17:58:21 IST" name="tearDown" finished-at="2024-12-21T17:58:22 IST" duration-ms="1388" status="PASS">
          <reporter-output>
          </reporter-output>
        </test-method> <!-- tearDown -->
        <test-method is-config="true" signature="launchApplication()[pri:0, instance:abhiacademy.tests.SubmitOrderTest@4d1bf319]" started-at="2024-12-21T17:58:22 IST" name="launchApplication" finished-at="2024-12-21T17:58:27 IST" duration-ms="4649" status="PASS">
          <reporter-output>
          </reporter-output>
        </test-method> <!-- launchApplication -->
        <test-method signature="submitOrder(java.util.HashMap)[pri:0, instance:abhiacademy.tests.SubmitOrderTest@4d1bf319]" started-at="2024-12-21T17:58:27 IST" name="submitOrder" data-provider="getOrderData" finished-at="2024-12-21T17:58:40 IST" duration-ms="13329" status="PASS">
          <params>
            <param index="0">
              <value>
                <![CDATA[{iterationNum=1, userPassword=Abhiacademy$15, userName=abhikumar@outlook.com, productName=ADIDAS ORIGINAL}]]>
              </value>
            </param>
          </params>
          <reporter-output>
          </reporter-output>
        </test-method> <!-- submitOrder -->
        <test-method is-config="true" signature="tearDown()[pri:0, instance:abhiacademy.tests.SubmitOrderTest@4d1bf319]" started-at="2024-12-21T17:58:40 IST" name="tearDown" finished-at="2024-12-21T17:58:42 IST" duration-ms="1321" status="PASS">
          <reporter-output>
          </reporter-output>
        </test-method> <!-- tearDown -->
        <test-method is-config="true" signature="launchApplication()[pri:0, instance:abhiacademy.tests.SubmitOrderTest@4d1bf319]" started-at="2024-12-21T17:58:42 IST" name="launchApplication" finished-at="2024-12-21T17:58:45 IST" duration-ms="2832" status="PASS">
          <reporter-output>
          </reporter-output>
        </test-method> <!-- launchApplication -->
        <test-method signature="validateOrder(java.util.HashMap)[pri:0, instance:abhiacademy.tests.SubmitOrderTest@4d1bf319]" started-at="2024-12-21T17:58:45 IST" name="validateOrder" data-provider="getOrderData" finished-at="2024-12-21T17:58:46 IST" depends-on-methods="abhiacademy.tests.SubmitOrderTest.submitOrder" duration-ms="1278" status="PASS">
          <params>
            <param index="0">
              <value>
                <![CDATA[{iterationNum=0, userPassword=Abhiacademy$15, userName=abhikumar@outlook.com, productName=Zara Coat 3}]]>
              </value>
            </param>
          </params>
          <reporter-output>
          </reporter-output>
        </test-method> <!-- validateOrder -->
        <test-method is-config="true" signature="tearDown()[pri:0, instance:abhiacademy.tests.SubmitOrderTest@4d1bf319]" started-at="2024-12-21T17:58:46 IST" name="tearDown" finished-at="2024-12-21T17:58:46 IST" duration-ms="426" status="PASS">
          <reporter-output>
          </reporter-output>
        </test-method> <!-- tearDown -->
        <test-method is-config="true" signature="launchApplication()[pri:0, instance:abhiacademy.tests.SubmitOrderTest@4d1bf319]" started-at="2024-12-21T17:58:46 IST" name="launchApplication" finished-at="2024-12-21T17:58:49 IST" duration-ms="2640" status="PASS">
          <reporter-output>
          </reporter-output>
        </test-method> <!-- launchApplication -->
        <test-method signature="validateOrder(java.util.HashMap)[pri:0, instance:abhiacademy.tests.SubmitOrderTest@4d1bf319]" started-at="2024-12-21T17:58:49 IST" name="validateOrder" data-provider="getOrderData" finished-at="2024-12-21T17:58:50 IST" depends-on-methods="abhiacademy.tests.SubmitOrderTest.submitOrder" duration-ms="1447" status="PASS">
          <params>
            <param index="0">
              <value>
                <![CDATA[{iterationNum=1, userPassword=Abhiacademy$15, userName=abhikumar@outlook.com, productName=ADIDAS ORIGINAL}]]>
              </value>
            </param>
          </params>
          <reporter-output>
          </reporter-output>
        </test-method> <!-- validateOrder -->
        <test-method is-config="true" signature="tearDown()[pri:0, instance:abhiacademy.tests.SubmitOrderTest@4d1bf319]" started-at="2024-12-21T17:58:50 IST" name="tearDown" finished-at="2024-12-21T17:58:52 IST" duration-ms="1307" status="PASS">
          <reporter-output>
          </reporter-output>
        </test-method> <!-- tearDown -->
      </class> <!-- abhiacademy.tests.SubmitOrderTest -->
    </test> <!-- Submit Order Test -->
  </suite> <!-- Suite -->
</testng-results>
