<?xml version="1.0" encoding="UTF-8"?>
<testng-results ignored="0" total="2" passed="2" failed="0" skipped="0">
  <reporter-output>
  </reporter-output>
  <suite started-at="2024-12-05T13:52:49 IST" name="Default suite" finished-at="2024-12-05T13:53:05 IST" duration-ms="16005">
    <groups>
      <group name="cucumber">
        <method signature="AbstractTestNGCucumberTests.runScenario(io.cucumber.testng.PickleWrapper,io.cucumber.testng.FeatureWrapper)[pri:0, instance:cucumber.TestNGTestRunner@6d60fe40]" name="runScenario" class="io.cucumber.testng.AbstractTestNGCucumberTests"/>
      </group> <!-- cucumber -->
    </groups>
    <test started-at="2024-12-05T13:52:49 IST" name="Default test" finished-at="2024-12-05T13:53:05 IST" duration-ms="16005">
      <class name="cucumber.TestNGTestRunner">
        <test-method is-config="true" signature="setUpClass(org.testng.ITestContext)[pri:0, instance:cucumber.TestNGTestRunner@6d60fe40]" started-at="2024-12-05T13:52:49 IST" name="setUpClass" finished-at="2024-12-05T13:52:50 IST" duration-ms="783" status="PASS">
          <params>
            <param index="0">
              <value>
                <![CDATA[org.testng.TestRunner@1981d861]]>
              </value>
            </param>
          </params>
          <reporter-output>
          </reporter-output>
        </test-method> <!-- setUpClass -->
        <test-method signature="runScenario(io.cucumber.testng.PickleWrapper,io.cucumber.testng.FeatureWrapper)[pri:0, instance:cucumber.TestNGTestRunner@6d60fe40]" started-at="2024-12-05T13:52:50 IST" name="runScenario" description="Runs Cucumber Scenarios" data-provider="scenarios" finished-at="2024-12-05T13:52:58 IST" duration-ms="7766" status="PASS">
          <params>
            <param index="0">
              <value>
                <![CDATA["Error validation in login"]]>
              </value>
            </param>
            <param index="1">
              <value>
                <![CDATA["Error validation on eCommerce website"]]>
              </value>
            </param>
          </params>
          <reporter-output>
          </reporter-output>
        </test-method> <!-- runScenario -->
        <test-method signature="runScenario(io.cucumber.testng.PickleWrapper,io.cucumber.testng.FeatureWrapper)[pri:0, instance:cucumber.TestNGTestRunner@6d60fe40]" started-at="2024-12-05T13:52:58 IST" name="runScenario" description="Runs Cucumber Scenarios" data-provider="scenarios" finished-at="2024-12-05T13:53:05 IST" duration-ms="7381" status="PASS">
          <params>
            <param index="0">
              <value>
                <![CDATA["Error validation in login"]]>
              </value>
            </param>
            <param index="1">
              <value>
                <![CDATA["Error validation on eCommerce website"]]>
              </value>
            </param>
          </params>
          <reporter-output>
          </reporter-output>
        </test-method> <!-- runScenario -->
        <test-method is-config="true" signature="tearDownClass()[pri:0, instance:cucumber.TestNGTestRunner@6d60fe40]" started-at="2024-12-05T13:53:05 IST" name="tearDownClass" finished-at="2024-12-05T13:53:05 IST" duration-ms="21" status="PASS">
          <reporter-output>
          </reporter-output>
        </test-method> <!-- tearDownClass -->
      </class> <!-- cucumber.TestNGTestRunner -->
    </test> <!-- Default test -->
  </suite> <!-- Default suite -->
</testng-results>
